Line 36: Class ATVGuard.Abutton of control Abutton9 was not a loaded control class.
Line 62: Class ATVGuard.Abutton of control Abutton8 was not a loaded control class.
Line 88: Class ATVGuard.Abutton of control Abutton7 was not a loaded control class.
Line 114: Class ATVGuard.Abutton of control Abutton6 was not a loaded control class.
Line 42: The property name _ExtentX in Abutton9 is invalid.
Line 43: The property name _ExtentY in Abutton9 is invalid.
Line 44: The property name ButtonStyle in Abutton9 is invalid.
Line 46: The property name BackColorPressed in Abutton9 is invalid.
Line 47: The property name BackColorHover in Abutton9 is invalid.
Line 48: The property name BorderColor in Abutton9 is invalid.
Line 49: The property name BorderColorPressed in Abutton9 is invalid.
Line 50: The property name BorderColorHover in Abutton9 is invalid.
Line 51: The property name Caption in Abutton9 is invalid.
Line 68: The property name _ExtentX in Abutton8 is invalid.
Line 69: The property name _ExtentY in Abutton8 is invalid.
Line 70: The property name ButtonStyle in Abutton8 is invalid.
Line 72: The property name BackColorPressed in Abutton8 is invalid.
Line 73: The property name BackColorHover in Abutton8 is invalid.
Line 74: The property name BorderColor in Abutton8 is invalid.
Line 75: The property name BorderColorPressed in Abutton8 is invalid.
Line 76: The property name BorderColorHover in Abutton8 is invalid.
Line 77: The property name Caption in Abutton8 is invalid.
Line 94: The property name _ExtentX in Abutton7 is invalid.
Line 95: The property name _ExtentY in Abutton7 is invalid.
Line 96: The property name ButtonStyle in Abutton7 is invalid.
Line 98: The property name BackColorPressed in Abutton7 is invalid.
Line 99: The property name BackColorHover in Abutton7 is invalid.
Line 100: The property name BorderColor in Abutton7 is invalid.
Line 101: The property name BorderColorPressed in Abutton7 is invalid.
Line 102: The property name BorderColorHover in Abutton7 is invalid.
Line 103: The property name Caption in Abutton7 is invalid.
Line 120: The property name _ExtentX in Abutton6 is invalid.
Line 121: The property name _ExtentY in Abutton6 is invalid.
Line 122: The property name ButtonStyle in Abutton6 is invalid.
Line 124: The property name BackColorPressed in Abutton6 is invalid.
Line 125: The property name BackColorHover in Abutton6 is invalid.
Line 126: The property name BorderColor in Abutton6 is invalid.
Line 127: The property name BorderColorPressed in Abutton6 is invalid.
Line 128: The property name BorderColorHover in Abutton6 is invalid.
Line 129: The property name Caption in Abutton6 is invalid.
