[Bootstrap]
SetupTitle=Install
SetupText=Copying Files, please stand by.
CabFile=Mizano1.0.3 BETA.CAB
Spawn=Setup1.exe
Uninstal=st6unst.exe
TmpDir=msftqws.pdw
Cabs=1

[Bootstrap Files]
File1=@VB6STKIT.DLL,$(WinSysPathSysFile),,,6/18/98 12:00:00 AM,102912,6.0.81.69
File2=@COMCAT.DLL,$(WinSysPathSysFile),$(DLLSelfRegister),,5/31/98 12:00:00 AM,22288,4.71.1460.1
File3=@MSVCRT40.DLL,$(WinSysPathSysFile),,,5/31/98 12:00:00 AM,326656,4.21.0.0
File4=@stdole2.tlb,$(WinSysPathSysFile),$(TLBRegister),,4/14/08 5:30:00 PM,16896,5.1.2600.5512
File5=@asycfilt.dll,$(WinSysPathSysFile),,,3/5/10 8:22:54 PM,65536,5.1.2600.5949
File6=@olepro32.dll,$(WinSysPathSysFile),$(DLLSelfRegister),,4/14/08 5:30:00 PM,84992,5.1.2600.5512
File7=@oleaut32.dll,$(WinSysPathSysFile),$(DLLSelfRegister),,1/26/13 9:25:10 AM,552448,5.1.2600.6341
File8=@msvbvm60.dll,$(WinSysPathSysFile),$(DLLSelfRegister),,4/22/11 3:19:10 AM,1386496,6.0.98.31

[IconGroups]
Group0=Mizano
PrivateGroup0=True
Parent0=$(Programs)

[Mizano]
Icon1=""Mizano1.0.3 BETA.exe""
Title1=Mizano
StartIn1=$(AppPath)

[Setup]
Title=Mizano
DefaultDir=$(ProgramFiles)\Mizano
AppExe=Mizano1.0.3 BETA.exe
AppToUninstall=Mizano1.0.3 BETA.exe

[Setup1 Files]
File1=@msstdfmt.dll,$(WinSysPath),$(DLLSelfRegister),$(Shared),3/24/09 10:22:32 PM,129872,6.1.98.16
File2=@MSDBRPTR.DLL,$(WinSysPath),$(DLLSelfRegister),$(Shared),6/18/98 12:00:00 AM,299008,6.0.81.69
File3=@wmp.dll,$(AppPath),,,8/26/10 3:06:02 AM,10841088,11.0.5721.5280
File4=@msinet.ocx,$(WinSysPath),$(DLLSelfRegister),$(Shared),3/24/09 10:22:32 PM,136008,6.1.98.16
File5=@comctl32.ocx,$(WinSysPath),$(DLLSelfRegister),$(Shared),5/2/12 9:47:12 PM,617816,6.0.98.34
File6=@comdlg32.ocx,$(WinSysPath),$(DLLSelfRegister),$(Shared),12/11/12 1:51:16 AM,163376,6.1.98.36
File7=@mscomctl.ocx,$(WinSysPath),$(DLLSelfRegister),$(Shared),5/2/12 9:47:12 PM,1070152,6.1.98.34
File8=@Flash32_11_7_700_202.ocx,$(WinSysPath),$(DLLSelfRegister),$(Shared),5/14/13 4:22:58 PM,15881608,11.7.700.202
File9=@VB5DB.DLL,$(WinSysPath),,$(Shared),6/18/98 12:00:00 AM,89360,6.0.81.69
File10=@MSREPL35.DLL,$(WinSysPathSysFile),,,4/24/98 12:00:00 AM,407312,3.51.623.0
File11=@MSRD2X35.DLL,$(WinSysPathSysFile),$(DLLSelfRegister),,4/24/98 12:00:00 AM,252176,3.51.623.0
File12=@expsrv.dll,$(WinSysPathSysFile),,,4/14/08 5:30:00 PM,380445,6.0.72.9590
File13=@vbajet32.dll,$(WinSysPathSysFile),,,4/14/08 5:30:00 PM,30749,6.0.1.9432
File14=@MSJINT35.DLL,$(WinSysPathSysFile),,,4/24/98 12:00:00 AM,123664,3.51.623.0
File15=@MSJTER35.DLL,$(WinSysPathSysFile),,,4/24/98 12:00:00 AM,24848,3.51.623.0
File16=@MSJET35.DLL,$(WinSysPathSysFile),$(DLLSelfRegister),,4/24/98 12:00:00 AM,1045776,3.51.623.4
File17=@DAO350.DLL,$(MSDAOPath),$(DLLSelfRegister),$(Shared),4/27/98 12:00:00 AM,570128,3.51.1608.0
File18=@msvcrt.dll,$(WinSysPathSysFile),,,10/29/08 3:18:58 PM,343040,7.0.2600.5701
File19=@scrrun.dll,$(WinSysPath),$(DLLSelfRegister),$(Shared),5/9/08 4:15:16 PM,172032,5.7.0.18066
File20=@msscript.ocx,$(WinSysPath),$(DLLSelfRegister),$(Shared),4/14/08 5:30:00 PM,110592,1.0.0.16599
File21=@iphlpapi.dll,$(WinSysPath),,$(Shared),4/14/08 5:30:00 PM,94720,5.1.2600.5512
File22=@psapi.dll,$(WinSysPath),,$(Shared),4/14/08 5:30:00 PM,23040,5.1.2600.5512
File23=@pdh.dll,$(WinSysPath),,$(Shared),3/6/09 7:19:22 PM,284160,5.1.2600.5773
File24=@wtsapi32.dll,$(WinSysPath),,$(Shared),4/14/08 5:30:00 PM,18432,5.1.2600.5512
File25=@shlwapi.dll,$(WinSysPath),,$(Shared),12/8/09 2:31:24 PM,474112,6.0.2900.5912
File26=@msimg32.dll,$(WinSysPath),,$(Shared),4/14/08 5:30:00 PM,4608,5.1.2600.5512
File27=@Mizano1.0.3 BETA.exe,$(AppPath),,,9/2/18 5:36:40 AM,2330624,1.0.0.2

; The following lines may be deleted in order to obtain extra 
; space for customizing this file on a full installation diskette.
; 
; XXXXXXXXXXXXXXXXXXXXXXXXXXXXXXXXXXXXXXXXXXXXXXXXXXXXXXXXXXXX
; XXXXXXXXXXXXXXXXXXXXXXXXXXXXXXXXXXXXXXXXXXXXXXXXXXXXXXXXXXXX
; XXXXXXXXXXXXXXXXXXXXXXXXXXXXXXXXXXXXXXXXXXXXXXXXXXXXXXXXXXXX
; XXXXXXXXXXXXXXXXXXXXXXXXXXXXXXXXXXXXXXXXXXXXXXXXXXXXXXXXXXXX
; XXXXXXXXXXXXXXXXXXXXXXXXXXXXXXXXXXXXXXXXXXXXXXXXXXXXXXXXXXXX
; XXXXXXXXXXXXXXXXXXXXXXXXXXXXXXXXXXXXXXXXXXXXXXXXXXXXXXXXXXXX
; XXXXXXXXXXXXXXXXXXXXXXXXXXXXXXXXXXXXXXXXXXXXXXXXXXXXXXXXXXXX
; XXXXXXXXXXXXXXXXXXXXXXXXXXXXXXXXXXXXXXXXXXXXXXXXXXXXXXXXXXXX
; XXXXXXXXXXXXXXXXXXXXXXXXXXXXXXXXXXXXXXXXXXXXXXXXXXXXXXXXXXXX
; XXXXXXXXXXXXXXXXXXXXXXXXXXXXXXXXXXXXXXXXXXXXXXXXXXXXXXXXXXXX
; XXXXXXXXXXXXXXXXXXXXXXXXXXXXXXXXXXXXXXXXXXXXXXXXXXXXXXXXXXXX
; XXXXXXXXXXXXXXXXXXXXXXXXXXXXXXXXXXXXXXXXXXXXXXXXXXXXXXXXXXXX
; XXXXXXXXXXXXXXXXXXXXXXXXXXXXXXXXXXXXXXXXXXXXXXXXXXXXXXXXXXXX
; XXXXXXXXXXXXXXXXXXXXXXXXXXXXXXXXXXXXXXXXXXXXXXXXXXXXXXXXXXXX
; XXXXXXXXXXXXXXXXXXXXXXXXXXXXXXXXXXXXXXXXXXXXXXXXXXXXXXXXXXXX
; XXXXXXXXXXXXXXXXXXXXXXXXXXXXXXXXXXXXXXXXXXXXXXXXXXXXXXXXXXXX
; XXXXXXXXXXXXXXXXXXXXXXXXXXXXXXXXXXXXXXXXXXXXXXXXXXXXXXXXXXXX
; XXXXXXXXXXXXXXXXXXXXXXXXXXXXXXXXXXXXXXXXXXXXXXXXXXXXXXXXXXXX
; XXXXXXXXXXXXXXXXXXXXXXXXXXXXXXXXXXXXXXXXXXXXXXXXXXXXXXXXXXXX
; XXXXXXXXXXXXXXXXXXXXXXXXXXXXXXXXXXXXXXXXXXXXXXXXXXXXXXXXXXXX
; XXXXXXXXXXXXXXXXXXXXXXXXXXXXXXXXXXXXXXXXXXXXXXXXXXXXXXXXXXXX
; XXXXXXXXXXXXXXXXXXXXXXXXXXXXXXXXXXXXXXXXXXXXXXXXXXXXXXXXXXXX
; XXXXXXXXXXXXXXXXXXXXXXXXXXXXXXXXXXXXXXXXXXXXXXXXXXXXXXXXXXXX
; XXXXXXXXXXXXXXXXXXXXXXXXXXXXXXXXXXXXXXXXXXXXXXXXXXXXXXXXXXXX
; XXXXXXXXXXXXXXXXXXXXXXXXXXXXXXXXXXXXXXXXXXXXXXXXXXXXXXXXXXXX
; XXXXXXXXXXXXXXXXXXXXXXXXXXXXXXXXXXXXXXXXXXXXXXXXXXXXXXXXXXXX
; XXXXXXXXXXXXXXXXXXXXXXXXXXXXXXXXXXXXXXXXXXXXXXXXXXXXXXXXXXXX
; XXXXXXXXXXXXXXXXXXXXXXXXXXXXXXXXXXXXXXXXXXXXXXXXXXXXXXXXXXXX
; XXXXXXXXXXXXXXXXXXXXXXXXXXXXXXXXXXXXXXXXXXXXXXXXXXXXXXXXXXXX
; XXXXXXXXXXXXXXXXXXXXXXXXXXXXXXXXXXXXXXXXXXXXXXXXXXXXXXXXXXXX
; XXXXXXXXXXXXXXXXXXXXXXXXXXXXXXXXXXXXXXXXXXXXXXXXXXXXXXXXXXXX
; XXXXXXXXXXXXXXXXXXXXXXXXXXXXXXXXXXXXXXXXXXXXXXXXXXXXXXXXXXXX
; XXXXXXXXXXXXXXXXXXXXXXXXXXXXXXXXXXXXXXXXXXXXXXXXXXXXXXXXXXXX
; XXXXXXXXXXXXXXXXXXXXXXXXXXXXXXXXXXXXXXXXXXXXXXXXXXXXXXXXXXXX
; XXXXXXXXXXXXXXXXXXXXXXXXXXXXXXXXXXXXXXXXXXXXXXXXXXXXXXXXXXXX
